<?xml version="1.0" encoding="UTF-8"?>
<robot generator="Robot 3.2.1 (Python 3.6.3 on darwin)" generated="20200617 23:27:47.549" rpa="false">
<suite id="s1" name="basicSearch" source="/Users/shareenadelacruz/PycharmProjects/Test/TestSuites/eBay/basicSearch.robot">
<test id="s1-t1" name="Verify basic search functionality">
<kw name="Open Browser" library="SeleniumLibrary">
<doc>Opens a new browser instance to the optional ``url``.</doc>
<arguments>
<arg>https://www.ebay.com</arg>
<arg>chrome</arg>
</arguments>
<msg timestamp="20200617 23:27:47.881" level="INFO">Opening browser 'chrome' to base url 'https://www.ebay.com'.</msg>
<status status="PASS" starttime="20200617 23:27:47.880" endtime="20200617 23:27:57.296"></status>
</kw>
<kw name="Maximize Broswer Window">
<msg timestamp="20200617 23:27:57.306" level="FAIL">No keyword with name 'Maximize Broswer Window' found. Did you mean:
    SeleniumLibrary.Maximize Browser Window</msg>
<status status="FAIL" starttime="20200617 23:27:57.306" endtime="20200617 23:27:57.307"></status>
</kw>
<doc>This is test case documentation</doc>
<tags>
<tag>Functional</tag>
</tags>
<status status="FAIL" starttime="20200617 23:27:47.879" endtime="20200617 23:27:57.308" critical="yes">No keyword with name 'Maximize Broswer Window' found. Did you mean:
    SeleniumLibrary.Maximize Browser Window</status>
</test>
<doc>Basic eBay Search</doc>
<status status="FAIL" starttime="20200617 23:27:47.551" endtime="20200617 23:27:57.311"></status>
</suite>
<statistics>
<total>
<stat pass="0" fail="1">Critical Tests</stat>
<stat pass="0" fail="1">All Tests</stat>
</total>
<tag>
<stat pass="0" fail="1">Functional</stat>
</tag>
<suite>
<stat pass="0" fail="1" id="s1" name="basicSearch">basicSearch</stat>
</suite>
</statistics>
<errors>
</errors>
</robot>
